time="2022-12-02T21:09:55+08:00" level=info msg="Input:pwd"
time="2022-12-02T21:09:55+08:00" level=info msg="Output:Last login: Fri Dec  2 08:09:12 2022 from 192.168.101.105\n\x1b]0;tian@tudou:~\a\x1b[?1034h[tian@tudou ~]$ /home/tian"
time="2022-12-02T21:09:55+08:00" level=info msg="Input:su"
time="2022-12-02T21:09:55+08:00" level=info msg="Output:Password: "
time="2022-12-02T21:09:55+08:00" level=info msg="Input:tian"
time="2022-12-02T21:09:55+08:00" level=info msg="Output:"
time="2022-12-02T21:09:55+08:00" level=info msg="Input:cd /root"
time="2022-12-02T21:09:55+08:00" level=info msg="Output:"
time="2022-12-02T21:09:55+08:00" level=info msg="Input:./test.sh"
time="2022-12-02T21:09:55+08:00" level=info msg="Output:bash: ./test.sh: No such file or directory"
time="2022-12-02T21:10:00+08:00" level=info msg="Input:pwd"
time="2022-12-02T21:10:00+08:00" level=info msg="Output:Last login: Fri Dec  2 08:09:55 2022 from 192.168.101.105\n\x1b]0;tian@tudou:~\a\x1b[?1034h[tian@tudou ~]$ /home/tian"
time="2022-12-02T21:10:00+08:00" level=info msg="Input:su"
time="2022-12-02T21:10:00+08:00" level=info msg="Output:Password: "
time="2022-12-02T21:10:00+08:00" level=info msg="Input:tian"
time="2022-12-02T21:10:00+08:00" level=info msg="Output:"
time="2022-12-02T21:10:00+08:00" level=info msg="Input:cd /root"
time="2022-12-02T21:10:00+08:00" level=info msg="Output:"
time="2022-12-02T21:10:00+08:00" level=info msg="Input:./test.sh"
time="2022-12-02T21:10:00+08:00" level=info msg="Output:bash: ./test.sh: No such file or directory"
time="2022-12-02T21:10:03+08:00" level=info msg="Input:pwd"
time="2022-12-02T21:10:03+08:00" level=info msg="Output:Last login: Fri Dec  2 08:10:00 2022 from 192.168.101.105\n\x1b]0;tian@tudou:~\a\x1b[?1034h[tian@tudou ~]$ /home/tian"
time="2022-12-02T21:10:03+08:00" level=info msg="Input:su"
time="2022-12-02T21:10:03+08:00" level=info msg="Output:Password: "
time="2022-12-02T21:10:03+08:00" level=info msg="Input:tian"
time="2022-12-02T21:10:03+08:00" level=info msg="Output:"
time="2022-12-02T21:10:03+08:00" level=info msg="Input:cd /root"
time="2022-12-02T21:10:03+08:00" level=info msg="Output:"
time="2022-12-02T21:10:03+08:00" level=info msg="Input:./test.sh"
time="2022-12-02T21:10:03+08:00" level=info msg="Output:bash: ./test.sh: No such file or directory"
time="2022-12-02T21:10:10+08:00" level=info msg="Input:pwd"
time="2022-12-02T21:10:10+08:00" level=info msg="Output:\x00\x00\x00\x00\x00\x00\x00\x00\x00\x00\x00\x00\x00\x00\x00\x00\x00\x00\x00\x00\x00\x00\x00\x00\x00\x00\x00\x00\x00\x00\x00\x00\x00\x00\x00\x00\x00\x00\x00\x00\x00\x00\x00\x00\x00\x00\x00\x00\x00\x00\x00\x00\x00\x00\x00\x00\x00\x00\x00\x00\x1b]0;tian@tudou:~\a\x1b[?1034h[tian@tudou ~]$ /home/tian"
time="2022-12-02T21:10:10+08:00" level=info msg="Input:su"
time="2022-12-02T21:10:10+08:00" level=info msg="Output:Password: "
time="2022-12-02T21:10:10+08:00" level=info msg="Input:tian"
time="2022-12-02T21:10:10+08:00" level=info msg="Output:"
time="2022-12-02T21:10:10+08:00" level=info msg="Input:cd /root"
time="2022-12-02T21:10:10+08:00" level=info msg="Output:"
time="2022-12-02T21:10:10+08:00" level=info msg="Input:./test.sh"
time="2022-12-02T21:10:10+08:00" level=info msg="Output:bash: ./test.sh: No such file or directory"
time="2022-12-02T21:10:19+08:00" level=info msg="Input:pwd"
time="2022-12-02T21:10:19+08:00" level=info msg="Output:Last login: Fri Dec  2 08:10:10 2022 from 192.168.101.105\n\x1b]0;tian@tudou:~\a\x1b[?1034h[tian@tudou ~]$ /home/tian"
time="2022-12-02T21:10:19+08:00" level=info msg="Input:su"
time="2022-12-02T21:10:19+08:00" level=info msg="Output:Password: "
time="2022-12-02T21:10:19+08:00" level=info msg="Input:tian"
time="2022-12-02T21:10:19+08:00" level=info msg="Output:"
time="2022-12-02T21:10:19+08:00" level=info msg="Input:cd /root"
time="2022-12-02T21:10:19+08:00" level=info msg="Output:"
time="2022-12-02T21:10:19+08:00" level=info msg="Input:./test.sh"
time="2022-12-02T21:10:19+08:00" level=info msg="Output:bash: ./test.sh: No such file or directory"
time="2022-12-02T21:10:31+08:00" level=info msg="Input:pwd"
time="2022-12-02T21:10:31+08:00" level=info msg="Output:\x00\x00\x00\x00\x00\x00\x00\x00\x00\x00\x00\x00\x00\x00\x00\x00\x00\x00\x00\x00\x00\x00\x00\x00\x00\x00\x00\x00\x00\x00\x00\x00\x00\x00\x00\x00\x00\x00\x00\x00\x00\x00\x00\x00\x00\x00\x00\x00\x00\x00\x00\x00\x00\x00\x00\x00\x00\x00\x00\x00\x1b]0;tian@tudou:~\a\x1b[?1034h[tian@tudou ~]$ /home/tian"
time="2022-12-02T21:10:31+08:00" level=info msg="Input:su"
time="2022-12-02T21:10:31+08:00" level=info msg="Output:Password: "
time="2022-12-02T21:10:31+08:00" level=info msg="Input:tian"
time="2022-12-02T21:10:31+08:00" level=info msg="Output:"
time="2022-12-02T21:10:31+08:00" level=info msg="Input:cd /root"
time="2022-12-02T21:10:31+08:00" level=info msg="Output:"
time="2022-12-02T21:10:31+08:00" level=info msg="Input:./test.sh"
time="2022-12-02T21:10:31+08:00" level=info msg="Output:bash: ./test.sh: No such file or directory"
time="2022-12-02T21:10:48+08:00" level=info msg="Input:pwd"
time="2022-12-02T21:10:48+08:00" level=info msg="Output:Last login: Fri Dec  2 08:10:31 2022 from 192.168.101.105\n\x1b]0;tian@tudou:~\a\x1b[?1034h[tian@tudou ~]$ /home/tian"
time="2022-12-02T21:10:48+08:00" level=info msg="Input:su"
time="2022-12-02T21:10:48+08:00" level=info msg="Output:Password: "
time="2022-12-02T21:10:48+08:00" level=info msg="Input:tian"
time="2022-12-02T21:10:48+08:00" level=info msg="Output:"
time="2022-12-02T21:10:48+08:00" level=info msg="Input:cd /root"
time="2022-12-02T21:10:48+08:00" level=info msg="Output:"
time="2022-12-02T21:10:48+08:00" level=info msg="Input:./test.sh"
time="2022-12-02T21:10:48+08:00" level=info msg="Output:bash: ./test.sh: No such file or directory"
time="2022-12-02T21:17:02+08:00" level=info msg="Input:echo hello"
time="2022-12-02T21:17:02+08:00" level=info msg="Input:sleep 5"
time="2022-12-02T21:17:03+08:00" level=info msg="Output:\x00\x00\x00\x00\x00\x00\x00\x00\x00\x00\x00\x00\x00\x00\x00\x00\x00\x00\x00\x00\x00\x00\x00\x00\x00\x00\x00\x00\x00\x00\x00\x00\x00\x00\x00\x00\x00\x00\x00\x00\x00\x00\x00\x00\x00\x00\x00\x00\x00\x00\x00\x00\x00\x00\x00\x00\x00\x00\x00\x00\x1b]0;tian@tudou:~\a\x1b[?1034h[tian@tudou ~]$ hello"
time="2022-12-02T21:18:59+08:00" level=info msg="Input:sleep 5"
time="2022-12-02T21:18:59+08:00" level=info msg="Input:echo hello"
time="2022-12-02T21:18:59+08:00" level=info msg="Output:Last login: Fri Dec  2 08:17:02 2022 from 192.168.101.105"
time="2022-12-02T21:19:04+08:00" level=info msg="Output:\x1b]0;tian@tudou:~\a[tian@tudou ~]$ hello"
time="2022-12-02T21:20:53+08:00" level=info msg="Input:sleep 5"
time="2022-12-02T21:20:53+08:00" level=info msg="Input:echo hello"
time="2022-12-02T21:20:53+08:00" level=info msg="Output:Last login: Fri Dec  2 08:18:59 2022 from 192.168.101.105"
time="2022-12-02T21:20:58+08:00" level=info msg="Output:\x1b]0;tian@tudou:~\a[tian@tudou ~]$ hello"
time="2022-12-02T21:27:06+08:00" level=info msg="Input:sleep 5"
time="2022-12-02T21:27:06+08:00" level=info msg="Output:Last login: Fri Dec  2 08:25:39 2022 from 192.168.101.105"
time="2022-12-02T21:27:06+08:00" level=info msg="Input:echo hello"
time="2022-12-02T21:27:11+08:00" level=info msg="Output:\x1b]0;tian@tudou:~\a[tian@tudou ~]$ hello"
time="2022-12-02T21:28:05+08:00" level=info msg="Input:echo hello"
time="2022-12-02T21:28:05+08:00" level=info msg="Output:Last login: Fri Dec  2 08:27:06 2022 from 192.168.101.105\n\x1b]0;tian@tudou:~\a\x1b[?1034h[tian@tudou ~]$ hello"
time="2022-12-02T21:28:05+08:00" level=info msg="Input:sleep 5"
time="2022-12-02T21:28:10+08:00" level=info msg="Output:"
time="2022-12-02T21:34:02+08:00" level=info msg="Input:sleep 5"
time="2022-12-02T21:34:02+08:00" level=info msg="Output:Last login: Fri Dec  2 08:28:05 2022 from 192.168.101.105"
time="2022-12-02T21:34:02+08:00" level=info msg="Input:echo hello"
time="2022-12-02T21:34:07+08:00" level=info msg="Output:\x1b]0;tian@tudou:~\a[tian@tudou ~]$ hello"
time="2022-12-02T21:36:11+08:00" level=info msg="Input:sleep 5"
time="2022-12-02T21:36:11+08:00" level=info msg="Output:Last login: Fri Dec  2 08:34:02 2022 from 192.168.101.105"
time="2022-12-02T21:36:11+08:00" level=info msg="Input:echo hello"
time="2022-12-02T21:36:16+08:00" level=info msg="Output:\x1b]0;tian@tudou:~\a[tian@tudou ~]$ hello"
time="2022-12-02T21:39:16+08:00" level=info msg="Input:echo hello"
time="2022-12-02T21:39:16+08:00" level=info msg="Output:hello"
time="2022-12-02T21:39:16+08:00" level=info msg="Input:sleep 5"
time="2022-12-02T21:39:21+08:00" level=info msg="Output:"
time="2022-12-02T21:39:32+08:00" level=info msg="Input:echo hello"
time="2022-12-02T21:39:32+08:00" level=info msg="Output:hello"
time="2022-12-02T21:39:32+08:00" level=info msg="Input:sleep 5"
time="2022-12-02T21:39:37+08:00" level=info msg="Output:"
time="2022-12-02T21:47:30+08:00" level=info msg="Input:echo hello"
time="2022-12-02T21:47:30+08:00" level=info msg="Output:hello"
time="2022-12-02T21:47:30+08:00" level=info msg="Input:sleep 5"
time="2022-12-02T21:47:35+08:00" level=info msg="Output:"
time="2022-12-02T21:47:38+08:00" level=info msg="Input:echo hello"
time="2022-12-02T21:47:38+08:00" level=info msg="Output:hello"
time="2022-12-02T21:47:38+08:00" level=info msg="Input:sleep 5"
time="2022-12-02T21:47:43+08:00" level=info msg="Output:"
time="2022-12-02T21:49:06+08:00" level=panic msg="strem create timeout"
time="2022-12-02T21:51:27+08:00" level=panic msg="strem create timeout"
time="2022-12-02T21:53:45+08:00" level=info msg="Input:sleep 5"
time="2022-12-02T21:53:50+08:00" level=info msg="Output:"
time="2022-12-02T21:53:50+08:00" level=info msg="Input:echo hello"
time="2022-12-02T21:53:50+08:00" level=info msg="Output:hello"
time="2022-12-02T21:54:19+08:00" level=info msg="Input:sleep 5"
time="2022-12-02T21:54:24+08:00" level=info msg="Output:"
time="2022-12-02T21:54:24+08:00" level=info msg="Input:echo hello"
time="2022-12-02T21:54:24+08:00" level=info msg="Output:hello"
time="2022-12-02T21:54:30+08:00" level=info msg="Input:echo hello"
time="2022-12-02T21:54:30+08:00" level=info msg="Output:hello"
time="2022-12-02T21:54:30+08:00" level=info msg="Input:sleep 5"
time="2022-12-02T21:54:35+08:00" level=info msg="Output:"
time="2022-12-02T21:54:38+08:00" level=info msg="Input:echo hello"
time="2022-12-02T21:54:39+08:00" level=info msg="Output:hello"
time="2022-12-02T21:54:39+08:00" level=info msg="Input:sleep 5"
time="2022-12-02T21:54:44+08:00" level=info msg="Output:"
time="2022-12-02T22:09:43+08:00" level=info msg="Input:echo hello"
time="2022-12-02T22:09:43+08:00" level=info msg="Output:hello"
time="2022-12-02T22:09:43+08:00" level=info msg="Input:sleep 5"
time="2022-12-02T22:09:48+08:00" level=info msg="Output:"
time="2022-12-02T22:12:54+08:00" level=info msg="Input:echo hello"
time="2022-12-02T22:12:54+08:00" level=info msg="Output:hello"
time="2022-12-02T22:12:54+08:00" level=info msg="Input:sleep 2"
time="2022-12-02T22:12:56+08:00" level=info msg="Output:"
time="2022-12-02T22:13:40+08:00" level=info msg="Input:echo hello"
time="2022-12-02T22:13:40+08:00" level=info msg="Output:hello"
time="2022-12-02T22:13:40+08:00" level=info msg="Input:sleep 2"
time="2022-12-02T22:13:42+08:00" level=info msg="Output:"
